INFO 2023-04-07 12:05:36,858 Watching for file changes with StatReloader
WARNING 2023-04-07 12:05:56,587 Not Found: /listings/undefined
WARNING 2023-04-07 12:05:56,588 "GET /listings/undefined HTTP/1.1" 404 4493
WARNING 2023-04-07 12:06:10,999 Not Found: /listings/undefined
WARNING 2023-04-07 12:06:11,000 "GET /listings/undefined HTTP/1.1" 404 4493
INFO 2023-04-07 12:06:20,519 "OPTIONS /properties/ HTTP/1.1" 200 0
INFO 2023-04-07 12:06:21,017 "GET /properties/ HTTP/1.1" 200 3010
INFO 2023-04-07 12:06:21,056 "GET /media/properties/passports/image1.png HTTP/1.1" 304 0
INFO 2023-04-07 12:06:21,064 "GET /media/properties/passports/image2.png HTTP/1.1" 304 0
INFO 2023-04-07 12:06:21,068 "GET /media/properties/passports/image3.png HTTP/1.1" 304 0
INFO 2023-04-07 12:06:21,068 "GET /media/properties/passports/image4.png HTTP/1.1" 304 0
WARNING 2023-04-07 12:06:40,197 Not Found: /listings/undefined
WARNING 2023-04-07 12:06:40,199 "GET /listings/undefined HTTP/1.1" 404 4493
WARNING 2023-04-07 12:08:42,152 Not Found: /listings/undefined
WARNING 2023-04-07 12:08:42,153 "GET /listings/undefined HTTP/1.1" 404 4493
INFO 2023-04-07 12:09:56,246 "GET /login/ HTTP/1.1" 200 11442
WARNING 2023-04-07 12:09:56,608 Not Found: /favicon.ico
WARNING 2023-04-07 12:09:56,610 "GET /favicon.ico HTTP/1.1" 404 4472
WARNING 2023-04-07 12:10:06,528 Not Found: /listings/undefined
WARNING 2023-04-07 12:10:06,530 "GET /listings/undefined HTTP/1.1" 404 4493
INFO 2023-04-07 12:11:06,886 "GET /properties/ HTTP/1.1" 200 3010
WARNING 2023-04-07 12:11:19,581 Not Found: /listings/undefined
WARNING 2023-04-07 12:11:19,582 "GET /listings/undefined HTTP/1.1" 404 4493
WARNING 2023-04-07 12:11:27,625 Not Found: /listings/undefined
WARNING 2023-04-07 12:11:27,626 "GET /listings/undefined HTTP/1.1" 404 4493
WARNING 2023-04-07 12:13:24,262 Not Found: /listings/undefined
WARNING 2023-04-07 12:13:24,262 "GET /listings/undefined HTTP/1.1" 404 4493
WARNING 2023-04-07 12:14:14,308 Not Found: /listings/undefined
WARNING 2023-04-07 12:14:14,309 "GET /listings/undefined HTTP/1.1" 404 4493
WARNING 2023-04-07 12:14:25,023 Not Found: /listings/undefined
WARNING 2023-04-07 12:14:25,023 "GET /listings/undefined HTTP/1.1" 404 4493
INFO 2023-04-07 12:14:33,433 "GET /properties/ HTTP/1.1" 200 3010
WARNING 2023-04-07 12:14:48,376 Not Found: /listings/undefined
WARNING 2023-04-07 12:14:48,377 "GET /listings/undefined HTTP/1.1" 404 4493
WARNING 2023-04-07 12:16:30,439 Not Found: /listings/undefined
WARNING 2023-04-07 12:16:30,440 "GET /listings/undefined HTTP/1.1" 404 4493
INFO 2023-04-07 12:17:15,643 "GET /properties/ HTTP/1.1" 200 3010
WARNING 2023-04-07 12:17:20,810 Not Found: /listings/undefined
WARNING 2023-04-07 12:17:20,811 "GET /listings/undefined HTTP/1.1" 404 4493
WARNING 2023-04-07 12:17:31,184 Not Found: /listings/undefined
WARNING 2023-04-07 12:17:31,186 "GET /listings/undefined HTTP/1.1" 404 4493
WARNING 2023-04-07 12:18:06,657 Not Found: /listings/undefined
WARNING 2023-04-07 12:18:06,657 "GET /listings/undefined HTTP/1.1" 404 4493
INFO 2023-04-07 12:19:23,492 "GET /properties/ HTTP/1.1" 200 3010
INFO 2023-04-07 12:19:25,169 "GET /listings/2 HTTP/1.1" 200 755
WARNING 2023-04-07 12:20:14,640 Not Found: /listings/undefined
WARNING 2023-04-07 12:20:14,643 "GET /listings/undefined HTTP/1.1" 404 4493
INFO 2023-04-07 12:20:23,482 "GET /properties/ HTTP/1.1" 200 3010
INFO 2023-04-07 12:20:26,353 "GET /listings/3 HTTP/1.1" 200 755
WARNING 2023-04-07 12:20:29,051 Not Found: /listings/undefined
WARNING 2023-04-07 12:20:29,052 "GET /listings/undefined HTTP/1.1" 404 4493
INFO 2023-04-07 12:20:50,429 "GET /properties/ HTTP/1.1" 200 3010
INFO 2023-04-07 12:35:02,517 Watching for file changes with StatReloader
WARNING 2023-04-07 12:40:28,973 Not Found: /listings/undefined
WARNING 2023-04-07 12:40:28,974 "GET /listings/undefined HTTP/1.1" 404 4493
WARNING 2023-04-07 15:47:46,543 Not Found: /listings/undefined
WARNING 2023-04-07 15:47:46,543 "GET /listings/undefined HTTP/1.1" 404 4493
INFO 2023-04-07 15:47:56,808 "OPTIONS /properties/ HTTP/1.1" 200 0
INFO 2023-04-07 15:47:56,879 "GET /properties/ HTTP/1.1" 200 3010
INFO 2023-04-07 15:47:56,943 "GET /media/properties/passports/image1.png HTTP/1.1" 304 0
INFO 2023-04-07 15:47:56,949 "GET /media/properties/passports/image2.png HTTP/1.1" 304 0
INFO 2023-04-07 15:47:56,956 "GET /media/properties/passports/image3.png HTTP/1.1" 304 0
INFO 2023-04-07 15:47:56,961 "GET /media/properties/passports/image4.png HTTP/1.1" 304 0
WARNING 2023-04-07 15:47:58,462 Not Found: /listings/undefined
WARNING 2023-04-07 15:47:58,463 "GET /listings/undefined HTTP/1.1" 404 4493
INFO 2023-04-07 15:48:10,945 "GET /properties/ HTTP/1.1" 200 3010
WARNING 2023-04-07 15:48:22,546 Not Found: /listings/undefined
WARNING 2023-04-07 15:48:22,547 "GET /listings/undefined HTTP/1.1" 404 4493
WARNING 2023-04-07 19:56:30,541 Not Found: /listings/undefined
WARNING 2023-04-07 19:56:30,541 "GET /listings/undefined HTTP/1.1" 404 4493
WARNING 2023-04-07 22:51:31,926 Not Found: /listings/undefined
WARNING 2023-04-07 22:51:31,927 "GET /listings/undefined HTTP/1.1" 404 4493
INFO 2023-04-09 23:36:32,981 Watching for file changes with StatReloader
INFO 2023-04-09 23:37:20,591 Watching for file changes with StatReloader
INFO 2023-04-09 23:37:49,354 Watching for file changes with StatReloader
INFO 2023-04-09 23:38:24,755 "OPTIONS /properties/ HTTP/1.1" 200 0
INFO 2023-04-09 23:38:25,013 "GET /properties/ HTTP/1.1" 200 3010
INFO 2023-04-09 23:38:25,440 "GET /media/properties/passports/image2.png HTTP/1.1" 200 38574
INFO 2023-04-09 23:38:25,442 "GET /media/properties/passports/image4.png HTTP/1.1" 200 61535
INFO 2023-04-09 23:38:25,453 "GET /media/properties/passports/image3.png HTTP/1.1" 200 20915
INFO 2023-04-09 23:38:25,477 "GET /media/properties/passports/image1.png HTTP/1.1" 200 31031
WARNING 2023-04-09 23:38:27,063 Not Found: /listings/undefined
WARNING 2023-04-09 23:38:27,064 "GET /listings/undefined HTTP/1.1" 404 4493
