INFO 2023-04-10 14:12:29,632 Watching for file changes with StatReloader
INFO 2023-04-10 14:12:39,535 "GET /properties/ HTTP/1.1" 200 3010
INFO 2023-04-10 14:24:06,304 "OPTIONS /properties/ HTTP/1.1" 200 0
INFO 2023-04-10 14:24:06,377 "GET /properties/ HTTP/1.1" 200 3010
INFO 2023-04-10 14:24:09,577 "GET /listings/3 HTTP/1.1" 200 755
INFO 2023-04-10 14:25:12,416 "GET /properties/ HTTP/1.1" 200 3010
INFO 2023-04-10 14:25:15,031 "GET /listings/4 HTTP/1.1" 200 755
INFO 2023-04-10 14:25:51,476 "GET /properties/ HTTP/1.1" 200 3010
INFO 2023-04-10 14:25:53,886 "GET /listings/5 HTTP/1.1" 200 748
INFO 2023-04-10 14:26:34,130 "GET /properties/ HTTP/1.1" 200 3010
INFO 2023-04-10 14:26:37,143 "GET /listings/4 HTTP/1.1" 200 755
INFO 2023-04-10 14:27:05,997 "GET /properties/ HTTP/1.1" 200 3010
INFO 2023-04-10 14:27:09,304 "GET /listings/2 HTTP/1.1" 200 755
INFO 2023-04-10 14:28:48,244 "GET /listings/2 HTTP/1.1" 200 755
INFO 2023-04-10 14:29:54,087 "GET /listings/2 HTTP/1.1" 200 755
INFO 2023-04-10 14:31:26,973 "GET /listings/2 HTTP/1.1" 200 755
INFO 2023-04-10 14:31:33,876 "GET /properties/ HTTP/1.1" 200 3010
INFO 2023-04-10 14:31:36,385 "GET /listings/4 HTTP/1.1" 200 755
INFO 2023-04-10 14:32:12,343 "GET /properties/ HTTP/1.1" 200 3010
INFO 2023-04-10 14:32:14,686 "GET /listings/3 HTTP/1.1" 200 755
INFO 2023-04-10 14:40:31,636 "GET /listings/3 HTTP/1.1" 200 755
INFO 2023-04-10 14:40:32,342 "GET /listings/3 HTTP/1.1" 200 755
INFO 2023-04-10 14:40:34,134 "GET /listings/3 HTTP/1.1" 200 755
INFO 2023-04-10 14:40:35,109 "GET /listings/3 HTTP/1.1" 200 755
INFO 2023-04-10 14:40:47,113 "GET /listings/3 HTTP/1.1" 200 755
INFO 2023-04-10 14:41:04,769 "GET /properties/ HTTP/1.1" 200 3010
INFO 2023-04-10 14:41:07,284 "GET /listings/4 HTTP/1.1" 200 755
INFO 2023-04-10 14:41:49,505 "GET /listings/4 HTTP/1.1" 200 755
INFO 2023-04-10 14:41:51,111 "GET /listings/4 HTTP/1.1" 200 755
INFO 2023-04-10 14:42:03,126 "GET /listings/4 HTTP/1.1" 200 755
INFO 2023-04-10 14:42:09,859 "GET /properties/ HTTP/1.1" 200 3010
INFO 2023-04-10 14:42:12,725 "GET /listings/2 HTTP/1.1" 200 755
INFO 2023-04-10 14:45:05,244 "GET /listings/2 HTTP/1.1" 200 755
INFO 2023-04-10 14:45:35,605 "GET /properties/ HTTP/1.1" 200 3010
INFO 2023-04-10 14:45:37,998 "GET /listings/3 HTTP/1.1" 200 755
INFO 2023-04-10 14:45:59,086 "GET /listings/3 HTTP/1.1" 200 755
INFO 2023-04-10 14:46:31,084 "GET /listings/3 HTTP/1.1" 200 755
INFO 2023-04-10 14:46:40,839 "GET /properties/ HTTP/1.1" 200 3010
INFO 2023-04-10 14:46:42,573 "GET /listings/3 HTTP/1.1" 200 755
INFO 2023-04-10 14:48:35,102 "GET /listings/3 HTTP/1.1" 200 755
INFO 2023-04-10 14:48:55,088 "GET /listings/3 HTTP/1.1" 200 755
INFO 2023-04-10 14:49:04,162 "GET /properties/ HTTP/1.1" 200 3010
INFO 2023-04-10 14:49:07,794 "GET /listings/2 HTTP/1.1" 200 755
INFO 2023-04-10 14:49:55,095 "GET /listings/2 HTTP/1.1" 200 755
INFO 2023-04-10 14:50:01,096 "GET /listings/2 HTTP/1.1" 200 755
INFO 2023-04-10 14:51:00,136 "GET /listings/2 HTTP/1.1" 200 755
INFO 2023-04-10 14:51:04,144 "GET /listings/2 HTTP/1.1" 200 755
INFO 2023-04-10 14:51:13,718 "GET /properties/ HTTP/1.1" 200 3010
INFO 2023-04-10 14:51:15,652 "GET /listings/2 HTTP/1.1" 200 755
INFO 2023-04-10 14:52:55,344 "GET /listings/2 HTTP/1.1" 200 755
INFO 2023-04-10 14:52:55,462 "GET /listings/2 HTTP/1.1" 200 755
INFO 2023-04-10 14:53:41,143 "GET /listings/2 HTTP/1.1" 200 755
INFO 2023-04-10 14:56:53,084 "GET /properties/ HTTP/1.1" 200 3010
INFO 2023-04-10 14:57:58,811 "GET /properties/ HTTP/1.1" 200 3010
INFO 2023-04-10 14:58:44,494 "GET /properties/ HTTP/1.1" 200 3010
INFO 2023-04-10 14:59:37,794 "GET /properties/ HTTP/1.1" 200 3010
INFO 2023-04-10 15:00:25,294 "GET /listings/4 HTTP/1.1" 200 755
INFO 2023-04-10 15:00:28,088 "GET /listings/4 HTTP/1.1" 200 755
INFO 2023-04-10 15:00:36,535 "GET /listings/4 HTTP/1.1" 200 755
INFO 2023-04-10 15:00:38,146 "GET /listings/4 HTTP/1.1" 200 755
INFO 2023-04-10 15:00:42,385 "GET /listings/4 HTTP/1.1" 200 755
INFO 2023-04-10 15:01:43,253 "GET /listings/4 HTTP/1.1" 200 755
INFO 2023-04-10 15:02:30,392 "GET /listings/4 HTTP/1.1" 200 755
INFO 2023-04-10 15:04:35,547 "GET /listings/4 HTTP/1.1" 200 755
INFO 2023-04-10 15:09:55,727 "GET /listings/4 HTTP/1.1" 200 755
INFO 2023-04-10 15:09:57,391 "GET /listings/4 HTTP/1.1" 200 755
INFO 2023-04-10 15:10:35,468 "GET /listings/4 HTTP/1.1" 200 755
INFO 2023-04-10 15:10:42,086 "GET /listings/4 HTTP/1.1" 200 755
INFO 2023-04-10 15:11:08,241 "GET /listings/4 HTTP/1.1" 200 755
INFO 2023-04-10 15:11:25,122 "GET /listings/4 HTTP/1.1" 200 755
INFO 2023-04-10 15:12:06,569 "GET /listings/4 HTTP/1.1" 200 755
INFO 2023-04-10 15:12:06,717 "GET /listings/4 HTTP/1.1" 200 755
INFO 2023-04-10 15:12:36,077 "GET /properties/ HTTP/1.1" 200 3010
INFO 2023-04-10 15:12:38,509 "GET /listings/4 HTTP/1.1" 200 755
INFO 2023-04-10 15:13:01,195 "GET /listings/4 HTTP/1.1" 200 755
INFO 2023-04-10 15:13:05,640 "GET /listings/4 HTTP/1.1" 200 755
INFO 2023-04-10 15:15:16,120 "GET /listings/4 HTTP/1.1" 200 755
INFO 2023-04-10 15:16:02,736 "GET /listings/4 HTTP/1.1" 200 755
INFO 2023-04-10 15:16:17,198 "GET /properties/ HTTP/1.1" 200 3010
INFO 2023-04-10 15:16:20,513 "GET /listings/2 HTTP/1.1" 200 755
INFO 2023-04-10 15:18:58,223 "GET /listings/2 HTTP/1.1" 200 755
INFO 2023-04-10 15:19:41,195 "GET /listings/2 HTTP/1.1" 200 755
INFO 2023-04-10 15:19:41,692 "GET /listings/2 HTTP/1.1" 200 755
INFO 2023-04-10 15:19:42,674 "GET /listings/2 HTTP/1.1" 200 755
INFO 2023-04-10 15:19:43,868 "GET /listings/2 HTTP/1.1" 200 755
INFO 2023-04-10 15:19:56,501 "GET /listings/2 HTTP/1.1" 200 755
INFO 2023-04-10 15:20:03,158 "GET /listings/2 HTTP/1.1" 200 755
INFO 2023-04-10 15:20:24,648 "GET /properties/ HTTP/1.1" 200 3010
INFO 2023-04-10 15:22:20,824 "GET /listings/2 HTTP/1.1" 200 755
INFO 2023-04-10 15:27:02,152 "GET /listings/2 HTTP/1.1" 200 755
INFO 2023-04-10 15:27:11,129 "GET /listings/2 HTTP/1.1" 200 755
INFO 2023-04-11 10:18:14,965 "GET /listings/2 HTTP/1.1" 200 755
INFO 2023-04-11 10:22:34,966 "OPTIONS /properties/ HTTP/1.1" 200 0
INFO 2023-04-11 10:22:35,018 "GET /properties/ HTTP/1.1" 200 3010
INFO 2023-04-11 10:22:35,184 "GET /media/properties/passports/image1.png HTTP/1.1" 304 0
INFO 2023-04-11 10:22:35,196 "GET /media/properties/passports/image2.png HTTP/1.1" 304 0
INFO 2023-04-11 10:22:35,209 "GET /media/properties/passports/image3.png HTTP/1.1" 304 0
INFO 2023-04-11 10:22:35,214 "GET /media/properties/passports/image4.png HTTP/1.1" 304 0
INFO 2023-04-11 10:22:37,467 "GET /listings/3 HTTP/1.1" 200 755
INFO 2023-04-11 10:29:11,805 "GET /properties/ HTTP/1.1" 200 3010
INFO 2023-04-11 10:33:49,497 "GET /listings/2 HTTP/1.1" 200 755
INFO 2023-04-11 10:35:10,067 "GET /listings/2 HTTP/1.1" 200 755
INFO 2023-04-11 10:35:32,237 "GET /listings/2 HTTP/1.1" 200 755
INFO 2023-04-11 10:35:58,603 "GET /listings/2 HTTP/1.1" 200 755
INFO 2023-04-11 10:36:39,040 "GET /listings/2 HTTP/1.1" 200 755
INFO 2023-04-11 10:36:44,097 "GET /listings/2 HTTP/1.1" 200 755
INFO 2023-04-11 10:37:09,499 "GET /properties/ HTTP/1.1" 200 3010
INFO 2023-04-11 10:37:11,289 "GET /listings/2 HTTP/1.1" 200 755
INFO 2023-04-11 10:39:23,730 "GET /listings/2 HTTP/1.1" 200 755
INFO 2023-04-11 10:39:23,885 "GET /listings/2 HTTP/1.1" 200 755
INFO 2023-04-11 10:39:23,920 "GET /listings/2 HTTP/1.1" 200 755
INFO 2023-04-11 10:39:31,289 "GET /listings/2 HTTP/1.1" 200 755
INFO 2023-04-11 10:40:11,071 "GET /listings/2 HTTP/1.1" 200 755
INFO 2023-04-11 10:40:11,146 "GET /listings/2 HTTP/1.1" 200 755
INFO 2023-04-11 10:40:17,929 "GET /properties/ HTTP/1.1" 200 3010
INFO 2023-04-11 10:40:27,106 "GET /listings/2 HTTP/1.1" 200 755
INFO 2023-04-11 10:40:41,101 "GET /listings/2 HTTP/1.1" 200 755
INFO 2023-04-11 10:40:43,876 "GET /listings/2 HTTP/1.1" 200 755
INFO 2023-04-11 10:42:14,984 "GET /listings/2 HTTP/1.1" 200 755
INFO 2023-04-11 10:42:29,687 "GET /listings/2 HTTP/1.1" 200 755
INFO 2023-04-11 10:42:51,218 "GET /properties/ HTTP/1.1" 200 3010
INFO 2023-04-11 10:42:52,520 "GET /listings/2 HTTP/1.1" 200 755
INFO 2023-04-11 10:43:24,975 "GET /listings/2 HTTP/1.1" 200 755
INFO 2023-04-11 10:44:37,066 "GET /listings/2 HTTP/1.1" 200 755
INFO 2023-04-11 10:45:01,337 "GET /listings/2 HTTP/1.1" 200 755
INFO 2023-04-11 10:47:02,168 "GET /listings/2 HTTP/1.1" 200 755
INFO 2023-04-11 10:47:04,202 "GET /listings/2 HTTP/1.1" 200 755
INFO 2023-04-11 10:47:07,270 "GET /listings/2 HTTP/1.1" 200 755
INFO 2023-04-11 10:47:11,633 "GET /listings/2 HTTP/1.1" 200 755
INFO 2023-04-11 10:47:32,608 "GET /listings/2 HTTP/1.1" 200 755
INFO 2023-04-11 10:47:42,484 "GET /properties/ HTTP/1.1" 200 3010
INFO 2023-04-11 10:47:44,107 "GET /listings/2 HTTP/1.1" 200 755
INFO 2023-04-11 10:47:56,244 "GET /listings/2 HTTP/1.1" 200 755
INFO 2023-04-11 10:54:04,272 "GET /listings/2 HTTP/1.1" 200 755
INFO 2023-04-11 10:54:28,703 "GET /listings/2 HTTP/1.1" 200 755
INFO 2023-04-11 10:58:08,204 "GET /listings/2 HTTP/1.1" 200 755
INFO 2023-04-11 10:58:20,546 "GET /listings/2 HTTP/1.1" 200 755
INFO 2023-04-11 10:58:55,499 "GET /listings/2 HTTP/1.1" 200 755
INFO 2023-04-11 10:59:02,322 "GET /listings/2 HTTP/1.1" 200 755
INFO 2023-04-11 10:59:06,148 "GET /listings/2 HTTP/1.1" 200 755
INFO 2023-04-11 10:59:17,369 "GET /listings/2 HTTP/1.1" 200 755
INFO 2023-04-11 10:59:18,056 "GET /listings/2 HTTP/1.1" 200 755
INFO 2023-04-11 10:59:32,084 "GET /listings/2 HTTP/1.1" 200 755
INFO 2023-04-11 10:59:38,011 "GET /listings/2 HTTP/1.1" 200 755
INFO 2023-04-11 11:05:40,867 "GET /listings/2 HTTP/1.1" 200 755
INFO 2023-04-11 11:05:42,119 "GET /listings/2 HTTP/1.1" 200 755
INFO 2023-04-11 11:05:51,072 "GET /listings/2 HTTP/1.1" 200 755
INFO 2023-04-11 11:06:17,082 "GET /listings/2 HTTP/1.1" 200 755
INFO 2023-04-11 11:06:27,923 "GET /properties/ HTTP/1.1" 200 3010
INFO 2023-04-11 11:06:29,879 "GET /listings/2 HTTP/1.1" 200 755
INFO 2023-04-11 11:10:22,038 "OPTIONS /listings/2 HTTP/1.1" 200 0
INFO 2023-04-11 11:10:22,083 "GET /listings/2 HTTP/1.1" 200 755
INFO 2023-04-11 11:10:22,131 "GET /listings/2 HTTP/1.1" 200 755
INFO 2023-04-11 11:12:13,622 "GET /properties/ HTTP/1.1" 200 3010
INFO 2023-04-11 11:12:42,101 "GET /listings/3 HTTP/1.1" 200 755
INFO 2023-04-11 11:12:50,039 "GET /listings/3 HTTP/1.1" 200 755
INFO 2023-04-11 11:13:02,088 "GET /properties/ HTTP/1.1" 200 3010
INFO 2023-04-11 11:13:04,301 "GET /listings/3 HTTP/1.1" 200 755
INFO 2023-04-11 11:13:29,949 "GET /listings/3 HTTP/1.1" 200 755
INFO 2023-04-11 11:13:43,158 "GET /properties/ HTTP/1.1" 200 3010
INFO 2023-04-11 11:13:45,427 "GET /listings/3 HTTP/1.1" 200 755
WARNING 2023-04-11 11:14:24,145 Not Found: /listings/${id}
WARNING 2023-04-11 11:14:24,145 "GET /listings/$%7Bid%7D HTTP/1.1" 404 4485
WARNING 2023-04-11 11:14:24,355 Not Found: /favicon.ico
WARNING 2023-04-11 11:14:24,355 "GET /favicon.ico HTTP/1.1" 404 4472
INFO 2023-04-11 11:14:29,976 "GET /listings/2 HTTP/1.1" 200 11838
INFO 2023-04-11 11:14:30,459 "GET /static/rest_framework/css/prettify.css HTTP/1.1" 200 817
INFO 2023-04-11 11:14:30,496 "GET /static/rest_framework/js/csrf.js HTTP/1.1" 200 1719
INFO 2023-04-11 11:14:30,498 "GET /static/rest_framework/css/bootstrap.min.css HTTP/1.1" 200 121457
INFO 2023-04-11 11:14:30,541 "GET /static/rest_framework/css/default.css HTTP/1.1" 200 1152
INFO 2023-04-11 11:14:30,566 "GET /static/rest_framework/js/prettify-min.js HTTP/1.1" 200 13632
INFO 2023-04-11 11:14:30,571 "GET /static/rest_framework/js/bootstrap.min.js HTTP/1.1" 200 39680
INFO 2023-04-11 11:14:30,572 "GET /static/rest_framework/css/bootstrap-tweaks.css HTTP/1.1" 200 3385
INFO 2023-04-11 11:14:30,595 "GET /static/rest_framework/js/default.js HTTP/1.1" 200 1268
INFO 2023-04-11 11:14:30,607 "GET /static/rest_framework/img/grid.png HTTP/1.1" 200 1458
INFO 2023-04-11 11:14:30,615 "GET /static/rest_framework/js/ajax-form.js HTTP/1.1" 200 3597
INFO 2023-04-11 11:14:30,640 "GET /static/rest_framework/js/jquery-3.5.1.min.js HTTP/1.1" 200 89476
INFO 2023-04-11 11:16:59,095 C:\Users\EliteBook\realtor\backend\properties\views.py changed, reloading.
INFO 2023-04-11 11:17:01,705 Watching for file changes with StatReloader
INFO 2023-04-11 11:17:16,902 C:\Users\EliteBook\realtor\backend\properties\views.py changed, reloading.
INFO 2023-04-11 11:17:18,565 Watching for file changes with StatReloader
